[2023-04-25 15:36:35:1012][restartedMain] DEBUG o.s.w.s.m.m.a.RequestMappingHandlerAdapter - ControllerAdvice beans: 0 @ModelAttribute, 0 @InitBinder, 1 RequestBodyAdvice, 1 ResponseBodyAdvice
[2023-04-25 15:36:35:1038][restartedMain] DEBUG o.s.w.s.m.m.a.RequestMappingHandlerMapping - 5 mappings in 'requestMappingHandlerMapping'
[2023-04-25 15:36:35:1047][restartedMain] DEBUG o.s.w.s.h.SimpleUrlHandlerMapping - Patterns [/webjars/**, /**] in 'resourceHandlerMapping'
[2023-04-25 15:36:35:1051][restartedMain] DEBUG o.s.w.s.m.m.a.ExceptionHandlerExceptionResolver - ControllerAdvice beans: 0 @ExceptionHandler, 1 ResponseBodyAdvice
[2023-04-25 15:36:36:1950][http-nio-80-exec-1] INFO  o.s.web.servlet.DispatcherServlet - Initializing Servlet 'dispatcherServlet'
[2023-04-25 15:36:36:1951][http-nio-80-exec-1] DEBUG o.s.web.servlet.DispatcherServlet - Detected StandardServletMultipartResolver
[2023-04-25 15:36:36:1951][http-nio-80-exec-1] DEBUG o.s.web.servlet.DispatcherServlet - Detected AcceptHeaderLocaleResolver
[2023-04-25 15:36:36:1951][http-nio-80-exec-1] DEBUG o.s.web.servlet.DispatcherServlet - Detected FixedThemeResolver
[2023-04-25 15:36:36:1951][http-nio-80-exec-1] DEBUG o.s.web.servlet.DispatcherServlet - Detected org.springframework.web.servlet.view.DefaultRequestToViewNameTranslator@67246bcc
[2023-04-25 15:36:36:1952][http-nio-80-exec-1] DEBUG o.s.web.servlet.DispatcherServlet - Detected org.springframework.web.servlet.support.SessionFlashMapManager@492cef03
[2023-04-25 15:36:36:1952][http-nio-80-exec-1] DEBUG o.s.web.servlet.DispatcherServlet - enableLoggingRequestDetails='false': request parameters and headers will be masked to prevent unsafe logging of potentially sensitive data
[2023-04-25 15:36:36:1952][http-nio-80-exec-1] INFO  o.s.web.servlet.DispatcherServlet - Completed initialization in 1 ms
[2023-04-25 15:36:36:1956][http-nio-80-exec-1] DEBUG o.s.web.servlet.DispatcherServlet - GET "/", parameters={}
[2023-04-25 15:36:36:1959][http-nio-80-exec-1] DEBUG o.s.w.s.m.m.a.RequestMappingHandlerMapping - Mapped to com.kbstar.controller.MainController#main()
[2023-04-25 15:36:36:1967][http-nio-80-exec-1] DEBUG o.s.w.s.v.ContentNegotiatingViewResolver - Selected 'text/html' given [text/html, application/xhtml+xml, image/avif, image/webp, image/apng, application/xml;q=0.9, application/signed-exchange;v=b3;q=0.7, */*;q=0.8]
[2023-04-25 15:36:36:1967][http-nio-80-exec-1] DEBUG o.s.web.servlet.view.JstlView - View name 'index', model {}
[2023-04-25 15:36:36:1968][http-nio-80-exec-1] DEBUG o.s.web.servlet.view.JstlView - Forwarding to [/views/index.jsp]
[2023-04-25 15:36:37:2401][http-nio-80-exec-3] DEBUG o.s.web.servlet.DispatcherServlet - GET "/img/undraw_rocket.svg", parameters={}
[2023-04-25 15:36:37:2404][http-nio-80-exec-5] DEBUG o.s.web.servlet.DispatcherServlet - GET "/vendor/fontawesome-free/css/all.min.css", parameters={}
[2023-04-25 15:36:37:2404][http-nio-80-exec-4] DEBUG o.s.web.servlet.DispatcherServlet - GET "/img/undraw_profile_2.svg", parameters={}
[2023-04-25 15:36:37:2405][http-nio-80-exec-5] DEBUG o.s.w.s.h.SimpleUrlHandlerMapping - Mapped to ResourceHttpRequestHandler [classpath [META-INF/resources/], classpath [resources/], classpath [static/], classpath [public/], ServletContext [/]]
[2023-04-25 15:36:37:2408][http-nio-80-exec-4] DEBUG o.s.w.s.h.SimpleUrlHandlerMapping - Mapped to ResourceHttpRequestHandler [classpath [META-INF/resources/], classpath [resources/], classpath [static/], classpath [public/], ServletContext [/]]
[2023-04-25 15:36:37:2407][http-nio-80-exec-6] DEBUG o.s.web.servlet.DispatcherServlet - GET "/css/sb-admin-2.min.css", parameters={}
[2023-04-25 15:36:37:2408][http-nio-80-exec-2] DEBUG o.s.web.servlet.DispatcherServlet - GET "/img/undraw_profile_1.svg", parameters={}
[2023-04-25 15:36:37:2409][http-nio-80-exec-3] DEBUG o.s.w.s.h.SimpleUrlHandlerMapping - Mapped to ResourceHttpRequestHandler [classpath [META-INF/resources/], classpath [resources/], classpath [static/], classpath [public/], ServletContext [/]]
[2023-04-25 15:36:37:2409][http-nio-80-exec-2] DEBUG o.s.w.s.h.SimpleUrlHandlerMapping - Mapped to ResourceHttpRequestHandler [classpath [META-INF/resources/], classpath [resources/], classpath [static/], classpath [public/], ServletContext [/]]
[2023-04-25 15:36:37:2410][http-nio-80-exec-6] DEBUG o.s.w.s.h.SimpleUrlHandlerMapping - Mapped to ResourceHttpRequestHandler [classpath [META-INF/resources/], classpath [resources/], classpath [static/], classpath [public/], ServletContext [/]]
[2023-04-25 15:36:37:2415][http-nio-80-exec-4] DEBUG o.s.web.servlet.DispatcherServlet - Completed 200 OK
[2023-04-25 15:36:37:2415][http-nio-80-exec-2] DEBUG o.s.web.servlet.DispatcherServlet - Completed 200 OK
[2023-04-25 15:36:37:2418][http-nio-80-exec-5] DEBUG o.s.web.servlet.DispatcherServlet - Completed 200 OK
[2023-04-25 15:36:37:2423][http-nio-80-exec-6] DEBUG o.s.web.servlet.DispatcherServlet - Completed 200 OK
[2023-04-25 15:36:37:2419][http-nio-80-exec-3] DEBUG o.s.web.servlet.DispatcherServlet - Completed 200 OK
[2023-04-25 15:36:37:2425][http-nio-80-exec-4] DEBUG o.s.web.servlet.DispatcherServlet - GET "/img/undraw_profile_3.svg", parameters={}
[2023-04-25 15:36:37:2425][http-nio-80-exec-4] DEBUG o.s.w.s.h.SimpleUrlHandlerMapping - Mapped to ResourceHttpRequestHandler [classpath [META-INF/resources/], classpath [resources/], classpath [static/], classpath [public/], ServletContext [/]]
[2023-04-25 15:36:37:2426][http-nio-80-exec-4] DEBUG o.s.web.servlet.DispatcherServlet - Completed 200 OK
[2023-04-25 15:36:37:2445][http-nio-80-exec-1] DEBUG o.s.web.servlet.DispatcherServlet - Completed 200 OK
[2023-04-25 15:36:37:2449][http-nio-80-exec-9] DEBUG o.s.web.servlet.DispatcherServlet - GET "/vendor/jquery/jquery.min.js", parameters={}
[2023-04-25 15:36:37:2449][http-nio-80-exec-7] DEBUG o.s.web.servlet.DispatcherServlet - GET "/img/undraw_profile.svg", parameters={}
[2023-04-25 15:36:37:2449][http-nio-80-exec-10] DEBUG o.s.web.servlet.DispatcherServlet - GET "/vendor/bootstrap/js/bootstrap.bundle.min.js", parameters={}
[2023-04-25 15:36:37:2449][http-nio-80-exec-8] DEBUG o.s.web.servlet.DispatcherServlet - GET "/img/undraw_posting_photo.svg", parameters={}
[2023-04-25 15:36:37:2450][http-nio-80-exec-5] DEBUG o.s.web.servlet.DispatcherServlet - GET "/js/sb-admin-2.min.js", parameters={}
[2023-04-25 15:36:37:2449][http-nio-80-exec-9] DEBUG o.s.w.s.h.SimpleUrlHandlerMapping - Mapped to ResourceHttpRequestHandler [classpath [META-INF/resources/], classpath [resources/], classpath [static/], classpath [public/], ServletContext [/]]
[2023-04-25 15:36:37:2449][http-nio-80-exec-3] DEBUG o.s.web.servlet.DispatcherServlet - GET "/vendor/jquery-easing/jquery.easing.min.js", parameters={}
[2023-04-25 15:36:37:2450][http-nio-80-exec-5] DEBUG o.s.w.s.h.SimpleUrlHandlerMapping - Mapped to ResourceHttpRequestHandler [classpath [META-INF/resources/], classpath [resources/], classpath [static/], classpath [public/], ServletContext [/]]
[2023-04-25 15:36:37:2450][http-nio-80-exec-3] DEBUG o.s.w.s.h.SimpleUrlHandlerMapping - Mapped to ResourceHttpRequestHandler [classpath [META-INF/resources/], classpath [resources/], classpath [static/], classpath [public/], ServletContext [/]]
[2023-04-25 15:36:37:2450][http-nio-80-exec-8] DEBUG o.s.w.s.h.SimpleUrlHandlerMapping - Mapped to ResourceHttpRequestHandler [classpath [META-INF/resources/], classpath [resources/], classpath [static/], classpath [public/], ServletContext [/]]
[2023-04-25 15:36:37:2450][http-nio-80-exec-7] DEBUG o.s.w.s.h.SimpleUrlHandlerMapping - Mapped to ResourceHttpRequestHandler [classpath [META-INF/resources/], classpath [resources/], classpath [static/], classpath [public/], ServletContext [/]]
[2023-04-25 15:36:37:2450][http-nio-80-exec-10] DEBUG o.s.w.s.h.SimpleUrlHandlerMapping - Mapped to ResourceHttpRequestHandler [classpath [META-INF/resources/], classpath [resources/], classpath [static/], classpath [public/], ServletContext [/]]
[2023-04-25 15:36:37:2451][http-nio-80-exec-7] DEBUG o.s.web.servlet.DispatcherServlet - Completed 200 OK
[2023-04-25 15:36:37:2452][http-nio-80-exec-3] DEBUG o.s.web.servlet.DispatcherServlet - Completed 200 OK
[2023-04-25 15:36:37:2454][http-nio-80-exec-5] DEBUG o.s.web.servlet.DispatcherServlet - Completed 200 OK
[2023-04-25 15:36:37:2455][http-nio-80-exec-8] DEBUG o.s.web.servlet.DispatcherServlet - Completed 200 OK
[2023-04-25 15:36:37:2455][http-nio-80-exec-10] DEBUG o.s.web.servlet.DispatcherServlet - Completed 200 OK
[2023-04-25 15:36:37:2455][http-nio-80-exec-9] DEBUG o.s.web.servlet.DispatcherServlet - Completed 200 OK
[2023-04-25 15:36:37:2457][http-nio-80-exec-6] DEBUG o.s.web.servlet.DispatcherServlet - GET "/vendor/chart.js/Chart.min.js", parameters={}
[2023-04-25 15:36:37:2457][http-nio-80-exec-8] DEBUG o.s.web.servlet.DispatcherServlet - GET "/js/demo/chart-area-demo.js", parameters={}
[2023-04-25 15:36:37:2457][http-nio-80-exec-6] DEBUG o.s.w.s.h.SimpleUrlHandlerMapping - Mapped to ResourceHttpRequestHandler [classpath [META-INF/resources/], classpath [resources/], classpath [static/], classpath [public/], ServletContext [/]]
[2023-04-25 15:36:37:2457][http-nio-80-exec-8] DEBUG o.s.w.s.h.SimpleUrlHandlerMapping - Mapped to ResourceHttpRequestHandler [classpath [META-INF/resources/], classpath [resources/], classpath [static/], classpath [public/], ServletContext [/]]
[2023-04-25 15:36:37:2457][http-nio-80-exec-4] DEBUG o.s.web.servlet.DispatcherServlet - GET "/js/demo/chart-pie-demo.js", parameters={}
[2023-04-25 15:36:37:2457][http-nio-80-exec-4] DEBUG o.s.w.s.h.SimpleUrlHandlerMapping - Mapped to ResourceHttpRequestHandler [classpath [META-INF/resources/], classpath [resources/], classpath [static/], classpath [public/], ServletContext [/]]
[2023-04-25 15:36:37:2458][http-nio-80-exec-8] DEBUG o.s.web.servlet.DispatcherServlet - Completed 200 OK
[2023-04-25 15:36:37:2459][http-nio-80-exec-4] DEBUG o.s.web.servlet.DispatcherServlet - Completed 200 OK
[2023-04-25 15:36:37:2459][http-nio-80-exec-6] DEBUG o.s.web.servlet.DispatcherServlet - Completed 200 OK
[2023-04-25 15:36:37:2620][http-nio-80-exec-1] DEBUG o.s.web.servlet.DispatcherServlet - GET "/vendor/fontawesome-free/webfonts/fa-solid-900.woff2", parameters={}
[2023-04-25 15:36:37:2620][http-nio-80-exec-1] DEBUG o.s.w.s.h.SimpleUrlHandlerMapping - Mapped to ResourceHttpRequestHandler [classpath [META-INF/resources/], classpath [resources/], classpath [static/], classpath [public/], ServletContext [/]]
[2023-04-25 15:36:37:2626][http-nio-80-exec-1] DEBUG o.s.web.servlet.DispatcherServlet - Completed 200 OK
[2023-04-25 15:36:39:5276][http-nio-80-exec-7] DEBUG o.s.web.servlet.DispatcherServlet - GET "/tables", parameters={}
[2023-04-25 15:36:39:5278][http-nio-80-exec-7] DEBUG o.s.w.s.m.m.a.RequestMappingHandlerMapping - Mapped to com.kbstar.controller.ItemController#tables(Model)
[2023-04-25 15:36:39:5304][http-nio-80-exec-7] DEBUG o.s.w.s.v.ContentNegotiatingViewResolver - Selected 'text/html' given [text/html, application/xhtml+xml, image/avif, image/webp, image/apng, application/xml;q=0.9, application/signed-exchange;v=b3;q=0.7, */*;q=0.8]
[2023-04-25 15:36:39:5321][http-nio-80-exec-7] DEBUG o.s.web.servlet.view.JstlView - View name 'index', model {itemList=[Item(id=1, name=Item1, price=4151.0, imgName=a.jpg, regdate=Tue Apr 25 15:36:39 KST 2023), Item(id=2, name=Item2, price=3552.0, imgName=a.jpg, regdate=Tue Apr 25 15:36:39 KST 2023), Item(id=3, name=Item3, price=3529.0, imgName=a.jpg, regdate=Tue Apr 25 15:36:39 KST 2023), Item(id=4, name=Item4, price=1592.0, imgName=a.jpg, regdate=Tue Apr 25 15:36:39 KST 2023), Item(id=5, name=Item5, price=4509.0, imgName=a.jpg, regdate=Tue Apr 25 15:36:39 KST 2023), Item(id=6, name=Item6, price=5212.0, imgName=a.jpg, regdate=Tue Apr 25 15:36:39 KST 2023), Item(id=7, name=Item7, price=7665.0, imgName=a.jpg, regdate=Tue Apr 25 15:36:39 KST 2023), Item(id=8, name=Item8, price=1409.0, imgName=a.jpg, regdate=Tue Apr 25 15:36:39 KST 2023), Item(id=9, name=Item9, price=4770.0, imgName=a.jpg, regdate=Tue Apr 25 15:36:39 KST 2023), Item(id=10, name=Item10, price=5401.0, imgName=a.jpg, regdate=Tue Apr 25 15:36:39 KST 2023), Item(id=11, name=Item11, price=4429.0, imgName=a.jpg, regdate=Tue Apr 25 15:36:39 KST 2023), Item(id=12, name=Item12, price=3517.0, imgName=a.jpg, regdate=Tue Apr 25 15:36:39 KST 2023), Item(id=13, name=Item13, price=9268.0, imgName=a.jpg, regdate=Tue Apr 25 15:36:39 KST 2023), Item(id=14, name=Item14, price=8171.0, imgName=a.jpg, regdate=Tue Apr 25 15:36:39 KST 2023), Item(id=15, name=Item15, price=2303.0, imgName=a.jpg, regdate=Tue Apr 25 15:36:39 KST 2023), Item(id=16, name=Item16, price=9098.0, imgName=a.jpg, regdate=Tue Apr 25 15:36:39 KST 2023), Item(id=17, name=Item17, price=433.0, imgName=a.jpg, regdate=Tue Apr 25 15:36:39 KST 2023), Item(id=18, name=Item18, price=8563.0, imgName=a.jpg, regdate=Tue Apr 25 15:36:39 KST 2023), Item(id=19, name=Item19, price=9362.0, imgName=a.jpg, regdate=Tue Apr 25 15:36:39 KST 2023), Item(id=20, name=Item20, price=4865.0, imgName=a.jpg, regdate=Tue Apr 25 15:36:39 KST 2023), Item(id=21, name=Item21, price=9330.0, imgName=a.jpg, regdate=Tue Apr 25 15:36:39 KST 2023), Item(id=22, name=Item22, price=9683.0, imgName=a.jpg, regdate=Tue Apr 25 15:36:39 KST 2023), Item(id=23, name=Item23, price=434.0, imgName=a.jpg, regdate=Tue Apr 25 15:36:39 KST 2023), Item(id=24, name=Item24, price=581.0, imgName=a.jpg, regdate=Tue Apr 25 15:36:39 KST 2023), Item(id=25, name=Item25, price=604.0, imgName=a.jpg, regdate=Tue Apr 25 15:36:39 KST 2023), Item(id=26, name=Item26, price=2296.0, imgName=a.jpg, regdate=Tue Apr 25 15:36:39 KST 2023), Item(id=27, name=Item27, price=6756.0, imgName=a.jpg, regdate=Tue Apr 25 15:36:39 KST 2023), Item(id=28, name=Item28, price=4562.0, imgName=a.jpg, regdate=Tue Apr 25 15:36:39 KST 2023), Item(id=29, name=Item29, price=8777.0, imgName=a.jpg, regdate=Tue Apr 25 15:36:39 KST 2023), Item(id=30, name=Item30, price=2286.0, imgName=a.jpg, regdate=Tue Apr 25 15:36:39 KST 2023), Item(id=31, name=Item31, price=7862.0, imgName=a.jpg, regdate=Tue Apr 25 15:36:39 KST 2023), Item(id=32, name=Item32, price=6719.0, imgName=a.jpg, regdate=Tue Apr 25 15:36:39 KST 2023), Item(id=33, name=Item33, price=1577.0, imgName=a.jpg, regdate=Tue Apr 25 15:36:39 KST 2023), Item(id=34, name=Item34, price=6111.0, imgName=a.jpg, regdate=Tue Apr 25 15:36:39 KST 2023), Item(id=35, name=Item35, price=1814.0, imgName=a.jpg, regdate=Tue Apr 25 15:36:39 KST 2023), Item(id=36, name=Item36, price=7411.0, imgName=a.jpg, regdate=Tue Apr 25 15:36:39 KST 2023), Item(id=37, name=Item37, price=2591.0, imgName=a.jpg, regdate=Tue Apr 25 15:36:39 KST 2023), Item(id=38, name=Item38, price=9465.0, imgName=a.jpg, regdate=Tue Apr 25 15:36:39 KST 2023), Item(id=39, name=Item39, price=9144.0, imgName=a.jpg, regdate=Tue Apr 25 15:36:39 KST 2023), Item(id=40, name=Item40, price=4337.0, imgName=a.jpg, regdate=Tue Apr 25 15:36:39 KST 2023), Item(id=41, name=Item41, price=9867.0, imgName=a.jpg, regdate=Tue Apr 25 15:36:39 KST 2023), Item(id=42, name=Item42, price=9746.0, imgName=a.jpg, regdate=Tue Apr 25 15:36:39 KST 2023), Item(id=43, name=Item43, price=7910.0, imgName=a.jpg, regdate=Tue Apr 25 15:36:39 KST 2023), Item(id=44, name=Item44, price=9035.0, imgName=a.jpg, regdate=Tue Apr 25 15:36:39 KST 2023), Item(id=45, name=Item45, price=9347.0, imgName=a.jpg, regdate=Tue Apr 25 15:36:39 KST 2023), Item(id=46, name=Item46, price=8660.0, imgName=a.jpg, regdate=Tue Apr 25 15:36:39 KST 2023), Item(id=47, name=Item47, price=2117.0, imgName=a.jpg, regdate=Tue Apr 25 15:36:39 KST 2023), Item(id=48, name=Item48, price=9149.0, imgName=a.jpg, regdate=Tue Apr 25 15:36:39 KST 2023), Item(id=49, name=Item49, price=1958.0, imgName=a.jpg, regdate=Tue Apr 25 15:36:39 KST 2023), Item(id=50, name=Item50, price=7316.0, imgName=a.jpg, regdate=Tue Apr 25 15:36:39 KST 2023), Item(id=51, name=Item51, price=3414.0, imgName=a.jpg, regdate=Tue Apr 25 15:36:39 KST 2023), Item(id=52, name=Item52, price=2573.0, imgName=a.jpg, regdate=Tue Apr 25 15:36:39 KST 2023), Item(id=53, name=Item53, price=1075.0, imgName=a.jpg, regdate=Tue Apr 25 15:36:39 KST 2023), Item(id=54, name=Item54, price=2490.0, imgName=a.jpg, regdate=Tue Apr 25 15:36:39 KST 2023), Item(id=55, name=Item55, price=6483.0, imgName=a.jpg, regdate=Tue Apr 25 15:36:39 KST 2023), Item(id=56, name=Item56, price=4820.0, imgName=a.jpg, regdate=Tue Apr 25 15:36:39 KST 2023), Item(id=57, name=Item57, price=2644.0, imgName=a.jpg, regdate=Tue Apr 25 15:36:39 KST 2023), Item(id=58, name=Item58, price=9396.0, imgName=a.jpg, regdate=Tue Apr 25 15:36:39 KST 2023), Item(id=59, name=Item59, price=1795.0, imgName=a.jpg, regdate=Tue Apr 25 15:36:39 KST 2023), Item(id=60, name=Item60, price=1521.0, imgName=a.jpg, regdate=Tue Apr 25 15:36:39 KST 2023), Item(id=61, name=Item61, price=3753.0, imgName=a.jpg, regdate=Tue Apr 25 15:36:39 KST 2023), Item(id=62, name=Item62, price=3270.0, imgName=a.jpg, regdate=Tue Apr 25 15:36:39 KST 2023), Item(id=63, name=Item63, price=5529.0, imgName=a.jpg, regdate=Tue Apr 25 15:36:39 KST 2023), Item(id=64, name=Item64, price=3824.0, imgName=a.jpg, regdate=Tue Apr 25 15:36:39 KST 2023), Item(id=65, name=Item65, price=6667.0, imgName=a.jpg, regdate=Tue Apr 25 15:36:39 KST 2023), Item(id=66, name=Item66, price=9340.0, imgName=a.jpg, regdate=Tue Apr 25 15:36:39 KST 2023), Item(id=67, name=Item67, price=5365.0, imgName=a.jpg, regdate=Tue Apr 25 15:36:39 KST 2023), Item(id=68, name=Item68, price=5656.0, imgName=a.jpg, regdate=Tue Apr 25 15:36:39 KST 2023), Item(id=69, name=Item69, price=4410.0, imgName=a.jpg, regdate=Tue Apr 25 15:36:39 KST 2023), Item(id=70, name=Item70, price=8337.0, imgName=a.jpg, regdate=Tue Apr 25 15:36:39 KST 2023), Item(id=71, name=Item71, price=2593.0, imgName=a.jpg, regdate=Tue Apr 25 15:36:39 KST 2023), Item(id=72, name=Item72, price=8282.0, imgName=a.jpg, regdate=Tue Apr 25 15:36:39 KST 2023), Item(id=73, name=Item73, price=906.0, imgName=a.jpg, regdate=Tue Apr 25 15:36:39 KST 2023), Item(id=74, name=Item74, price=2628.0, imgName=a.jpg, regdate=Tue Apr 25 15:36:39 KST 2023), Item(id=75, name=Item75, price=5500.0, imgName=a.jpg, regdate=Tue Apr 25 15:36:39 KST 2023), Item(id=76, name=Item76, price=9442.0, imgName=a.jpg, regdate=Tue Apr 25 15:36:39 KST 2023), Item(id=77, name=Item77, price=3321.0, imgName=a.jpg, regdate=Tue Apr 25 15:36:39 KST 2023), Item(id=78, name=Item78, price=6230.0, imgName=a.jpg, regdate=Tue Apr 25 15:36:39 KST 2023), Item(id=79, name=Item79, price=6388.0, imgName=a.jpg, regdate=Tue Apr 25 15:36:39 KST 2023), Item(id=80, name=Item80, price=1416.0, imgName=a.jpg, regdate=Tue Apr 25 15:36:39 KST 2023), Item(id=81, name=Item81, price=6825.0, imgName=a.jpg, regdate=Tue Apr 25 15:36:39 KST 2023), Item(id=82, name=Item82, price=519.0, imgName=a.jpg, regdate=Tue Apr 25 15:36:39 KST 2023), Item(id=83, name=Item83, price=4702.0, imgName=a.jpg, regdate=Tue Apr 25 15:36:39 KST 2023), Item(id=84, name=Item84, price=4837.0, imgName=a.jpg, regdate=Tue Apr 25 15:36:39 KST 2023), Item(id=85, name=Item85, price=2266.0, imgName=a.jpg, regdate=Tue Apr 25 15:36:39 KST 2023), Item(id=86, name=Item86, price=6269.0, imgName=a.jpg, regdate=Tue Apr 25 15:36:39 KST 2023), Item(id=87, name=Item87, price=1763.0, imgName=a.jpg, regdate=Tue Apr 25 15:36:39 KST 2023), Item(id=88, name=Item88, price=2808.0, imgName=a.jpg, regdate=Tue Apr 25 15:36:39 KST 2023), Item(id=89, name=Item89, price=5408.0, imgName=a.jpg, regdate=Tue Apr 25 15:36:39 KST 2023), Item(id=90, name=Item90, price=1808.0, imgName=a.jpg, regdate=Tue Apr 25 15:36:39 KST 2023), Item(id=91, name=Item91, price=8350.0, imgName=a.jpg, regdate=Tue Apr 25 15:36:39 KST 2023), Item(id=92, name=Item92, price=2911.0, imgName=a.jpg, regdate=Tue Apr 25 15:36:39 KST 2023), Item(id=93, name=Item93, price=2329.0, imgName=a.jpg, regdate=Tue Apr 25 15:36:39 KST 2023), Item(id=94, name=Item94, price=6560.0, imgName=a.jpg, regdate=Tue Apr 25 15:36:39 KST 2023), Item(id=95, name=Item95, price=5027.0, imgName=a.jpg, regdate=Tue Apr 25 15:36:39 KST 2023), Item(id=96, name=Item96, price=3112.0, imgName=a.jpg, regdate=Tue Apr 25 15:36:39 KST 2023), Item(id=97, name=Item97, price=9318.0, imgName=a.jpg, regdate=Tue Apr 25 15:36:39 KST 2023), Item(id=98, name=Item98, price=8974.0, imgName=a.jpg, regdate=Tue Apr 25 15:36:39 KST 2023), Item(id=99, name=Item99, price=6485.0, imgName=a.jpg, regdate=Tue Apr 25 15:36:39 KST 2023), Item(id=100, name=Item100, price=1194.0, imgName=a.jpg, regdate=Tue Apr 25 15:36:39 KST 2023)], center=tables/hiddenTables}
[2023-04-25 15:36:39:5322][http-nio-80-exec-7] DEBUG o.s.web.servlet.view.JstlView - Forwarding to [/views/index.jsp]
[2023-04-25 15:36:39:5337][http-nio-80-exec-2] DEBUG o.s.web.servlet.DispatcherServlet - GET "/vendor/fontawesome-free/css/all.min.css", parameters={}
[2023-04-25 15:36:39:5338][http-nio-80-exec-5] DEBUG o.s.web.servlet.DispatcherServlet - GET "/img/undraw_rocket.svg", parameters={}
[2023-04-25 15:36:39:5338][http-nio-80-exec-5] DEBUG o.s.w.s.h.SimpleUrlHandlerMapping - Mapped to ResourceHttpRequestHandler [classpath [META-INF/resources/], classpath [resources/], classpath [static/], classpath [public/], ServletContext [/]]
[2023-04-25 15:36:39:5337][http-nio-80-exec-3] DEBUG o.s.web.servlet.DispatcherServlet - GET "/img/undraw_profile_2.svg", parameters={}
[2023-04-25 15:36:39:5341][http-nio-80-exec-3] DEBUG o.s.w.s.h.SimpleUrlHandlerMapping - Mapped to ResourceHttpRequestHandler [classpath [META-INF/resources/], classpath [resources/], classpath [static/], classpath [public/], ServletContext [/]]
[2023-04-25 15:36:39:5341][http-nio-80-exec-2] DEBUG o.s.w.s.h.SimpleUrlHandlerMapping - Mapped to ResourceHttpRequestHandler [classpath [META-INF/resources/], classpath [resources/], classpath [static/], classpath [public/], ServletContext [/]]
[2023-04-25 15:36:39:5342][http-nio-80-exec-2] DEBUG o.s.web.servlet.DispatcherServlet - Completed 200 OK
[2023-04-25 15:36:39:5343][http-nio-80-exec-3] DEBUG o.s.web.servlet.DispatcherServlet - Completed 200 OK
[2023-04-25 15:36:39:5340][http-nio-80-exec-5] DEBUG o.s.web.servlet.DispatcherServlet - Completed 200 OK
[2023-04-25 15:36:39:5344][http-nio-80-exec-2] DEBUG o.s.web.servlet.DispatcherServlet - GET "/img/undraw_profile_1.svg", parameters={}
[2023-04-25 15:36:39:5347][http-nio-80-exec-5] DEBUG o.s.web.servlet.DispatcherServlet - GET "/img/undraw_profile_3.svg", parameters={}
[2023-04-25 15:36:39:5348][http-nio-80-exec-2] DEBUG o.s.w.s.h.SimpleUrlHandlerMapping - Mapped to ResourceHttpRequestHandler [classpath [META-INF/resources/], classpath [resources/], classpath [static/], classpath [public/], ServletContext [/]]
[2023-04-25 15:36:39:5348][http-nio-80-exec-5] DEBUG o.s.w.s.h.SimpleUrlHandlerMapping - Mapped to ResourceHttpRequestHandler [classpath [META-INF/resources/], classpath [resources/], classpath [static/], classpath [public/], ServletContext [/]]
[2023-04-25 15:36:39:5349][http-nio-80-exec-2] DEBUG o.s.web.servlet.DispatcherServlet - Completed 200 OK
[2023-04-25 15:36:39:5344][http-nio-80-exec-9] DEBUG o.s.web.servlet.DispatcherServlet - GET "/css/sb-admin-2.min.css", parameters={}
[2023-04-25 15:36:39:5350][http-nio-80-exec-5] DEBUG o.s.web.servlet.DispatcherServlet - Completed 200 OK
[2023-04-25 15:36:39:5350][http-nio-80-exec-9] DEBUG o.s.w.s.h.SimpleUrlHandlerMapping - Mapped to ResourceHttpRequestHandler [classpath [META-INF/resources/], classpath [resources/], classpath [static/], classpath [public/], ServletContext [/]]
[2023-04-25 15:36:39:5353][http-nio-80-exec-9] DEBUG o.s.web.servlet.DispatcherServlet - Completed 200 OK
[2023-04-25 15:36:40:5382][http-nio-80-exec-8] DEBUG o.s.web.servlet.DispatcherServlet - GET "/vendor/fontawesome-free/webfonts/fa-solid-900.woff2", parameters={}
[2023-04-25 15:36:40:5382][http-nio-80-exec-8] DEBUG o.s.w.s.h.SimpleUrlHandlerMapping - Mapped to ResourceHttpRequestHandler [classpath [META-INF/resources/], classpath [resources/], classpath [static/], classpath [public/], ServletContext [/]]
[2023-04-25 15:36:40:5383][http-nio-80-exec-8] DEBUG o.s.web.servlet.DispatcherServlet - Completed 200 OK
[2023-04-25 15:36:40:5473][http-nio-80-exec-4] DEBUG o.s.web.servlet.DispatcherServlet - GET "/img/undraw_profile.svg", parameters={}
[2023-04-25 15:36:40:5474][http-nio-80-exec-4] DEBUG o.s.w.s.h.SimpleUrlHandlerMapping - Mapped to ResourceHttpRequestHandler [classpath [META-INF/resources/], classpath [resources/], classpath [static/], classpath [public/], ServletContext [/]]
[2023-04-25 15:36:40:5475][http-nio-80-exec-4] DEBUG o.s.web.servlet.DispatcherServlet - Completed 200 OK
[2023-04-25 15:36:40:5475][http-nio-80-exec-10] DEBUG o.s.web.servlet.DispatcherServlet - GET "/vendor/datatables/dataTables.bootstrap4.min.css", parameters={}
[2023-04-25 15:36:40:5475][http-nio-80-exec-4] DEBUG o.s.web.servlet.DispatcherServlet - GET "/css/sb-admin-2.min.css", parameters={}
[2023-04-25 15:36:40:5476][http-nio-80-exec-4] DEBUG o.s.w.s.h.SimpleUrlHandlerMapping - Mapped to ResourceHttpRequestHandler [classpath [META-INF/resources/], classpath [resources/], classpath [static/], classpath [public/], ServletContext [/]]
[2023-04-25 15:36:40:5476][http-nio-80-exec-10] DEBUG o.s.w.s.h.SimpleUrlHandlerMapping - Mapped to ResourceHttpRequestHandler [classpath [META-INF/resources/], classpath [resources/], classpath [static/], classpath [public/], ServletContext [/]]
[2023-04-25 15:36:40:5476][http-nio-80-exec-1] DEBUG o.s.web.servlet.DispatcherServlet - GET "/vendor/fontawesome-free/css/all.min.css", parameters={}
[2023-04-25 15:36:40:5477][http-nio-80-exec-4] DEBUG o.s.web.servlet.DispatcherServlet - Completed 200 OK
[2023-04-25 15:36:40:5477][http-nio-80-exec-1] DEBUG o.s.w.s.h.SimpleUrlHandlerMapping - Mapped to ResourceHttpRequestHandler [classpath [META-INF/resources/], classpath [resources/], classpath [static/], classpath [public/], ServletContext [/]]
[2023-04-25 15:36:40:5476][http-nio-80-exec-6] DEBUG o.s.web.servlet.DispatcherServlet - GET "/img/a.jpg", parameters={}
[2023-04-25 15:36:40:5478][http-nio-80-exec-1] DEBUG o.s.web.servlet.DispatcherServlet - Completed 200 OK
[2023-04-25 15:36:40:5478][http-nio-80-exec-10] DEBUG o.s.web.servlet.DispatcherServlet - Completed 200 OK
[2023-04-25 15:36:40:5478][http-nio-80-exec-6] DEBUG o.s.w.s.h.SimpleUrlHandlerMapping - Mapped to ResourceHttpRequestHandler [classpath [META-INF/resources/], classpath [resources/], classpath [static/], classpath [public/], ServletContext [/]]
[2023-04-25 15:36:40:5486][http-nio-80-exec-2] DEBUG o.s.web.servlet.DispatcherServlet - GET "/img/a.jpg", parameters={}
[2023-04-25 15:36:40:5488][http-nio-80-exec-2] DEBUG o.s.w.s.h.SimpleUrlHandlerMapping - Mapped to ResourceHttpRequestHandler [classpath [META-INF/resources/], classpath [resources/], classpath [static/], classpath [public/], ServletContext [/]]
[2023-04-25 15:36:40:5502][http-nio-80-exec-5] DEBUG o.s.web.servlet.DispatcherServlet - GET "/vendor/fontawesome-free/webfonts/fa-solid-900.woff2", parameters={}
[2023-04-25 15:36:40:5503][http-nio-80-exec-9] DEBUG o.s.web.servlet.DispatcherServlet - GET "/img/a.jpg", parameters={}
[2023-04-25 15:36:40:5504][http-nio-80-exec-9] DEBUG o.s.w.s.h.SimpleUrlHandlerMapping - Mapped to ResourceHttpRequestHandler [classpath [META-INF/resources/], classpath [resources/], classpath [static/], classpath [public/], ServletContext [/]]
[2023-04-25 15:36:40:5505][http-nio-80-exec-5] DEBUG o.s.w.s.h.SimpleUrlHandlerMapping - Mapped to ResourceHttpRequestHandler [classpath [META-INF/resources/], classpath [resources/], classpath [static/], classpath [public/], ServletContext [/]]
[2023-04-25 15:36:40:5508][http-nio-80-exec-5] DEBUG o.s.web.servlet.DispatcherServlet - Completed 200 OK
[2023-04-25 15:36:40:5525][http-nio-80-exec-7] DEBUG o.s.web.servlet.DispatcherServlet - Completed 200 OK
[2023-04-25 15:36:40:5601][http-nio-80-exec-8] DEBUG o.s.web.servlet.DispatcherServlet - GET "/img/a.jpg", parameters={}
[2023-04-25 15:36:40:5602][http-nio-80-exec-8] DEBUG o.s.w.s.h.SimpleUrlHandlerMapping - Mapped to ResourceHttpRequestHandler [classpath [META-INF/resources/], classpath [resources/], classpath [static/], classpath [public/], ServletContext [/]]
[2023-04-25 15:36:40:5606][http-nio-80-exec-3] DEBUG o.s.web.servlet.DispatcherServlet - GET "/vendor/jquery/jquery.min.js", parameters={}
[2023-04-25 15:36:40:5607][http-nio-80-exec-3] DEBUG o.s.w.s.h.SimpleUrlHandlerMapping - Mapped to ResourceHttpRequestHandler [classpath [META-INF/resources/], classpath [resources/], classpath [static/], classpath [public/], ServletContext [/]]
[2023-04-25 15:36:40:5608][http-nio-80-exec-1] DEBUG o.s.web.servlet.DispatcherServlet - GET "/vendor/bootstrap/js/bootstrap.bundle.min.js", parameters={}
[2023-04-25 15:36:40:5609][http-nio-80-exec-1] DEBUG o.s.w.s.h.SimpleUrlHandlerMapping - Mapped to ResourceHttpRequestHandler [classpath [META-INF/resources/], classpath [resources/], classpath [static/], classpath [public/], ServletContext [/]]
[2023-04-25 15:36:40:5613][http-nio-80-exec-3] DEBUG o.s.web.servlet.DispatcherServlet - Completed 200 OK
[2023-04-25 15:36:40:5615][http-nio-80-exec-1] DEBUG o.s.web.servlet.DispatcherServlet - Completed 200 OK
[2023-04-25 15:36:40:5616][http-nio-80-exec-4] DEBUG o.s.web.servlet.DispatcherServlet - GET "/vendor/jquery-easing/jquery.easing.min.js", parameters={}
[2023-04-25 15:36:40:5616][http-nio-80-exec-4] DEBUG o.s.w.s.h.SimpleUrlHandlerMapping - Mapped to ResourceHttpRequestHandler [classpath [META-INF/resources/], classpath [resources/], classpath [static/], classpath [public/], ServletContext [/]]
[2023-04-25 15:36:40:5619][http-nio-80-exec-10] DEBUG o.s.web.servlet.DispatcherServlet - GET "/js/sb-admin-2.min.js", parameters={}
[2023-04-25 15:36:40:5619][http-nio-80-exec-4] DEBUG o.s.web.servlet.DispatcherServlet - Completed 200 OK
[2023-04-25 15:36:40:5620][http-nio-80-exec-10] DEBUG o.s.w.s.h.SimpleUrlHandlerMapping - Mapped to ResourceHttpRequestHandler [classpath [META-INF/resources/], classpath [resources/], classpath [static/], classpath [public/], ServletContext [/]]
[2023-04-25 15:36:40:5622][http-nio-80-exec-5] DEBUG o.s.web.servlet.DispatcherServlet - GET "/vendor/datatables/jquery.dataTables.min.js", parameters={}
[2023-04-25 15:36:40:5624][http-nio-80-exec-5] DEBUG o.s.w.s.h.SimpleUrlHandlerMapping - Mapped to ResourceHttpRequestHandler [classpath [META-INF/resources/], classpath [resources/], classpath [static/], classpath [public/], ServletContext [/]]
[2023-04-25 15:36:40:5625][http-nio-80-exec-10] DEBUG o.s.web.servlet.DispatcherServlet - Completed 200 OK
[2023-04-25 15:36:40:5628][http-nio-80-exec-7] DEBUG o.s.web.servlet.DispatcherServlet - GET "/vendor/datatables/dataTables.bootstrap4.min.js", parameters={}
[2023-04-25 15:36:40:5629][http-nio-80-exec-7] DEBUG o.s.w.s.h.SimpleUrlHandlerMapping - Mapped to ResourceHttpRequestHandler [classpath [META-INF/resources/], classpath [resources/], classpath [static/], classpath [public/], ServletContext [/]]
[2023-04-25 15:36:40:5629][http-nio-80-exec-5] DEBUG o.s.web.servlet.DispatcherServlet - Completed 200 OK
[2023-04-25 15:36:40:5631][http-nio-80-exec-3] DEBUG o.s.web.servlet.DispatcherServlet - GET "/js/demo/datatables-demo.js", parameters={}
[2023-04-25 15:36:40:5631][http-nio-80-exec-7] DEBUG o.s.web.servlet.DispatcherServlet - Completed 200 OK
[2023-04-25 15:36:40:5631][http-nio-80-exec-6] DEBUG o.s.web.servlet.DispatcherServlet - Completed 200 OK
[2023-04-25 15:36:40:5632][http-nio-80-exec-3] DEBUG o.s.w.s.h.SimpleUrlHandlerMapping - Mapped to ResourceHttpRequestHandler [classpath [META-INF/resources/], classpath [resources/], classpath [static/], classpath [public/], ServletContext [/]]
[2023-04-25 15:36:40:5633][http-nio-80-exec-1] DEBUG o.s.web.servlet.DispatcherServlet - GET "/vendor/chart.js/Chart.min.js", parameters={}
[2023-04-25 15:36:40:5633][http-nio-80-exec-3] DEBUG o.s.web.servlet.DispatcherServlet - Completed 200 OK
[2023-04-25 15:36:40:5634][http-nio-80-exec-1] DEBUG o.s.w.s.h.SimpleUrlHandlerMapping - Mapped to ResourceHttpRequestHandler [classpath [META-INF/resources/], classpath [resources/], classpath [static/], classpath [public/], ServletContext [/]]
[2023-04-25 15:36:40:5635][http-nio-80-exec-1] DEBUG o.s.web.servlet.DispatcherServlet - Completed 200 OK
[2023-04-25 15:36:40:5635][http-nio-80-exec-4] DEBUG o.s.web.servlet.DispatcherServlet - GET "/js/demo/chart-area-demo.js", parameters={}
[2023-04-25 15:36:40:5636][http-nio-80-exec-4] DEBUG o.s.w.s.h.SimpleUrlHandlerMapping - Mapped to ResourceHttpRequestHandler [classpath [META-INF/resources/], classpath [resources/], classpath [static/], classpath [public/], ServletContext [/]]
[2023-04-25 15:36:40:5636][http-nio-80-exec-10] DEBUG o.s.web.servlet.DispatcherServlet - GET "/js/demo/chart-pie-demo.js", parameters={}
[2023-04-25 15:36:40:5636][http-nio-80-exec-10] DEBUG o.s.w.s.h.SimpleUrlHandlerMapping - Mapped to ResourceHttpRequestHandler [classpath [META-INF/resources/], classpath [resources/], classpath [static/], classpath [public/], ServletContext [/]]
[2023-04-25 15:36:40:5657][http-nio-80-exec-4] DEBUG o.s.web.servlet.DispatcherServlet - Completed 200 OK
[2023-04-25 15:36:40:5658][http-nio-80-exec-10] DEBUG o.s.web.servlet.DispatcherServlet - Completed 200 OK
[2023-04-25 15:36:40:5695][http-nio-80-exec-2] DEBUG o.s.web.servlet.DispatcherServlet - Completed 200 OK
[2023-04-25 15:36:40:5709][http-nio-80-exec-9] DEBUG o.s.web.servlet.DispatcherServlet - Completed 200 OK
[2023-04-25 15:36:40:5714][http-nio-80-exec-5] DEBUG o.s.web.servlet.DispatcherServlet - GET "/vendor/jquery/jquery.min.js", parameters={}
[2023-04-25 15:36:40:5714][http-nio-80-exec-5] DEBUG o.s.w.s.h.SimpleUrlHandlerMapping - Mapped to ResourceHttpRequestHandler [classpath [META-INF/resources/], classpath [resources/], classpath [static/], classpath [public/], ServletContext [/]]
[2023-04-25 15:36:40:5715][http-nio-80-exec-5] DEBUG o.s.web.servlet.DispatcherServlet - Completed 200 OK
[2023-04-25 15:36:40:5964][http-nio-80-exec-8] DEBUG o.s.web.servlet.DispatcherServlet - Completed 200 OK
[2023-04-25 15:36:40:6187][http-nio-80-exec-7] DEBUG o.s.web.servlet.DispatcherServlet - GET "/vendor/bootstrap/js/bootstrap.bundle.min.js", parameters={}
[2023-04-25 15:36:40:6187][http-nio-80-exec-7] DEBUG o.s.w.s.h.SimpleUrlHandlerMapping - Mapped to ResourceHttpRequestHandler [classpath [META-INF/resources/], classpath [resources/], classpath [static/], classpath [public/], ServletContext [/]]
[2023-04-25 15:36:40:6188][http-nio-80-exec-7] DEBUG o.s.web.servlet.DispatcherServlet - Completed 200 OK
[2023-04-25 15:36:40:6191][http-nio-80-exec-6] DEBUG o.s.web.servlet.DispatcherServlet - GET "/vendor/jquery-easing/jquery.easing.min.js", parameters={}
[2023-04-25 15:36:40:6192][http-nio-80-exec-6] DEBUG o.s.w.s.h.SimpleUrlHandlerMapping - Mapped to ResourceHttpRequestHandler [classpath [META-INF/resources/], classpath [resources/], classpath [static/], classpath [public/], ServletContext [/]]
[2023-04-25 15:36:40:6192][http-nio-80-exec-6] DEBUG o.s.web.servlet.DispatcherServlet - Completed 200 OK
[2023-04-25 15:36:40:6193][http-nio-80-exec-3] DEBUG o.s.web.servlet.DispatcherServlet - GET "/js/sb-admin-2.min.js", parameters={}
[2023-04-25 15:36:40:6194][http-nio-80-exec-3] DEBUG o.s.w.s.h.SimpleUrlHandlerMapping - Mapped to ResourceHttpRequestHandler [classpath [META-INF/resources/], classpath [resources/], classpath [static/], classpath [public/], ServletContext [/]]
[2023-04-25 15:36:40:6194][http-nio-80-exec-3] DEBUG o.s.web.servlet.DispatcherServlet - Completed 200 OK
[2023-04-25 15:37:35:1001][restartedMain] DEBUG o.s.w.s.m.m.a.RequestMappingHandlerAdapter - ControllerAdvice beans: 0 @ModelAttribute, 0 @InitBinder, 1 RequestBodyAdvice, 1 ResponseBodyAdvice
[2023-04-25 15:37:35:1025][restartedMain] DEBUG o.s.w.s.m.m.a.RequestMappingHandlerMapping - 5 mappings in 'requestMappingHandlerMapping'
[2023-04-25 15:37:35:1034][restartedMain] DEBUG o.s.w.s.h.SimpleUrlHandlerMapping - Patterns [/webjars/**, /**] in 'resourceHandlerMapping'
[2023-04-25 15:37:35:1038][restartedMain] DEBUG o.s.w.s.m.m.a.ExceptionHandlerExceptionResolver - ControllerAdvice beans: 0 @ExceptionHandler, 1 ResponseBodyAdvice
[2023-04-25 15:38:06:920][restartedMain] DEBUG o.s.w.s.m.m.a.RequestMappingHandlerAdapter - ControllerAdvice beans: 0 @ModelAttribute, 0 @InitBinder, 1 RequestBodyAdvice, 1 ResponseBodyAdvice
[2023-04-25 15:38:06:943][restartedMain] DEBUG o.s.w.s.m.m.a.RequestMappingHandlerMapping - 5 mappings in 'requestMappingHandlerMapping'
[2023-04-25 15:38:06:952][restartedMain] DEBUG o.s.w.s.h.SimpleUrlHandlerMapping - Patterns [/webjars/**, /**] in 'resourceHandlerMapping'
[2023-04-25 15:38:06:956][restartedMain] DEBUG o.s.w.s.m.m.a.ExceptionHandlerExceptionResolver - ControllerAdvice beans: 0 @ExceptionHandler, 1 ResponseBodyAdvice
[2023-04-25 15:38:30:25397][http-nio-8088-exec-1] INFO  o.s.web.servlet.DispatcherServlet - Initializing Servlet 'dispatcherServlet'
[2023-04-25 15:38:30:25398][http-nio-8088-exec-1] DEBUG o.s.web.servlet.DispatcherServlet - Detected StandardServletMultipartResolver
[2023-04-25 15:38:30:25398][http-nio-8088-exec-1] DEBUG o.s.web.servlet.DispatcherServlet - Detected AcceptHeaderLocaleResolver
[2023-04-25 15:38:30:25398][http-nio-8088-exec-1] DEBUG o.s.web.servlet.DispatcherServlet - Detected FixedThemeResolver
[2023-04-25 15:38:30:25399][http-nio-8088-exec-1] DEBUG o.s.web.servlet.DispatcherServlet - Detected org.springframework.web.servlet.view.DefaultRequestToViewNameTranslator@3a06fb4a
[2023-04-25 15:38:30:25399][http-nio-8088-exec-1] DEBUG o.s.web.servlet.DispatcherServlet - Detected org.springframework.web.servlet.support.SessionFlashMapManager@5ebcbc2b
[2023-04-25 15:38:30:25399][http-nio-8088-exec-1] DEBUG o.s.web.servlet.DispatcherServlet - enableLoggingRequestDetails='false': request parameters and headers will be masked to prevent unsafe logging of potentially sensitive data
[2023-04-25 15:38:30:25399][http-nio-8088-exec-1] INFO  o.s.web.servlet.DispatcherServlet - Completed initialization in 1 ms
[2023-04-25 15:38:30:25404][http-nio-8088-exec-1] DEBUG o.s.web.servlet.DispatcherServlet - GET "/", parameters={}
[2023-04-25 15:38:30:25407][http-nio-8088-exec-1] DEBUG o.s.w.s.m.m.a.RequestMappingHandlerMapping - Mapped to com.kbstar.controller.MainController#main()
[2023-04-25 15:38:30:25416][http-nio-8088-exec-1] DEBUG o.s.w.s.v.ContentNegotiatingViewResolver - Selected 'text/html' given [text/html, application/xhtml+xml, image/avif, image/webp, image/apng, application/xml;q=0.9, application/signed-exchange;v=b3;q=0.7, */*;q=0.8]
[2023-04-25 15:38:30:25416][http-nio-8088-exec-1] DEBUG o.s.web.servlet.view.JstlView - View name 'index', model {}
[2023-04-25 15:38:30:25417][http-nio-8088-exec-1] DEBUG o.s.web.servlet.view.JstlView - Forwarding to [/views/index.jsp]
[2023-04-25 15:38:30:25739][http-nio-8088-exec-6] DEBUG o.s.web.servlet.DispatcherServlet - GET "/img/undraw_rocket.svg", parameters={}
[2023-04-25 15:38:30:25740][http-nio-8088-exec-5] DEBUG o.s.web.servlet.DispatcherServlet - GET "/css/sb-admin-2.min.css", parameters={}
[2023-04-25 15:38:30:25743][http-nio-8088-exec-2] DEBUG o.s.web.servlet.DispatcherServlet - GET "/vendor/fontawesome-free/css/all.min.css", parameters={}
[2023-04-25 15:38:30:25743][http-nio-8088-exec-3] DEBUG o.s.web.servlet.DispatcherServlet - GET "/img/undraw_profile_1.svg", parameters={}
[2023-04-25 15:38:30:25743][http-nio-8088-exec-4] DEBUG o.s.web.servlet.DispatcherServlet - GET "/img/undraw_profile_2.svg", parameters={}
[2023-04-25 15:38:30:25743][http-nio-8088-exec-4] DEBUG o.s.w.s.h.SimpleUrlHandlerMapping - Mapped to ResourceHttpRequestHandler [classpath [META-INF/resources/], classpath [resources/], classpath [static/], classpath [public/], ServletContext [/]]
[2023-04-25 15:38:30:25743][http-nio-8088-exec-3] DEBUG o.s.w.s.h.SimpleUrlHandlerMapping - Mapped to ResourceHttpRequestHandler [classpath [META-INF/resources/], classpath [resources/], classpath [static/], classpath [public/], ServletContext [/]]
[2023-04-25 15:38:30:25743][http-nio-8088-exec-2] DEBUG o.s.w.s.h.SimpleUrlHandlerMapping - Mapped to ResourceHttpRequestHandler [classpath [META-INF/resources/], classpath [resources/], classpath [static/], classpath [public/], ServletContext [/]]
[2023-04-25 15:38:30:25743][http-nio-8088-exec-6] DEBUG o.s.w.s.h.SimpleUrlHandlerMapping - Mapped to ResourceHttpRequestHandler [classpath [META-INF/resources/], classpath [resources/], classpath [static/], classpath [public/], ServletContext [/]]
[2023-04-25 15:38:30:25744][http-nio-8088-exec-5] DEBUG o.s.w.s.h.SimpleUrlHandlerMapping - Mapped to ResourceHttpRequestHandler [classpath [META-INF/resources/], classpath [resources/], classpath [static/], classpath [public/], ServletContext [/]]
[2023-04-25 15:38:31:25752][http-nio-8088-exec-6] DEBUG o.s.web.servlet.DispatcherServlet - Completed 200 OK
[2023-04-25 15:38:31:25752][http-nio-8088-exec-3] DEBUG o.s.web.servlet.DispatcherServlet - Completed 200 OK
[2023-04-25 15:38:31:25752][http-nio-8088-exec-4] DEBUG o.s.web.servlet.DispatcherServlet - Completed 200 OK
[2023-04-25 15:38:31:25752][http-nio-8088-exec-2] DEBUG o.s.web.servlet.DispatcherServlet - Completed 200 OK
[2023-04-25 15:38:31:25753][http-nio-8088-exec-5] DEBUG o.s.web.servlet.DispatcherServlet - Completed 200 OK
[2023-04-25 15:38:31:25754][http-nio-8088-exec-3] DEBUG o.s.web.servlet.DispatcherServlet - GET "/img/undraw_profile_3.svg", parameters={}
[2023-04-25 15:38:31:25754][http-nio-8088-exec-3] DEBUG o.s.w.s.h.SimpleUrlHandlerMapping - Mapped to ResourceHttpRequestHandler [classpath [META-INF/resources/], classpath [resources/], classpath [static/], classpath [public/], ServletContext [/]]
[2023-04-25 15:38:31:25755][http-nio-8088-exec-3] DEBUG o.s.web.servlet.DispatcherServlet - Completed 200 OK
[2023-04-25 15:38:31:25778][http-nio-8088-exec-1] DEBUG o.s.web.servlet.DispatcherServlet - Completed 200 OK
[2023-04-25 15:38:31:25780][http-nio-8088-exec-7] DEBUG o.s.web.servlet.DispatcherServlet - GET "/img/undraw_profile.svg", parameters={}
[2023-04-25 15:38:31:25781][http-nio-8088-exec-9] DEBUG o.s.web.servlet.DispatcherServlet - GET "/vendor/jquery/jquery.min.js", parameters={}
[2023-04-25 15:38:31:25781][http-nio-8088-exec-8] DEBUG o.s.web.servlet.DispatcherServlet - GET "/img/undraw_posting_photo.svg", parameters={}
[2023-04-25 15:38:31:25781][http-nio-8088-exec-7] DEBUG o.s.w.s.h.SimpleUrlHandlerMapping - Mapped to ResourceHttpRequestHandler [classpath [META-INF/resources/], classpath [resources/], classpath [static/], classpath [public/], ServletContext [/]]
[2023-04-25 15:38:31:25781][http-nio-8088-exec-9] DEBUG o.s.w.s.h.SimpleUrlHandlerMapping - Mapped to ResourceHttpRequestHandler [classpath [META-INF/resources/], classpath [resources/], classpath [static/], classpath [public/], ServletContext [/]]
[2023-04-25 15:38:31:25781][http-nio-8088-exec-8] DEBUG o.s.w.s.h.SimpleUrlHandlerMapping - Mapped to ResourceHttpRequestHandler [classpath [META-INF/resources/], classpath [resources/], classpath [static/], classpath [public/], ServletContext [/]]
[2023-04-25 15:38:31:25782][http-nio-8088-exec-10] DEBUG o.s.web.servlet.DispatcherServlet - GET "/vendor/bootstrap/js/bootstrap.bundle.min.js", parameters={}
[2023-04-25 15:38:31:25782][http-nio-8088-exec-4] DEBUG o.s.web.servlet.DispatcherServlet - GET "/vendor/jquery-easing/jquery.easing.min.js", parameters={}
[2023-04-25 15:38:31:25782][http-nio-8088-exec-5] DEBUG o.s.web.servlet.DispatcherServlet - GET "/js/sb-admin-2.min.js", parameters={}
[2023-04-25 15:38:31:25782][http-nio-8088-exec-10] DEBUG o.s.w.s.h.SimpleUrlHandlerMapping - Mapped to ResourceHttpRequestHandler [classpath [META-INF/resources/], classpath [resources/], classpath [static/], classpath [public/], ServletContext [/]]
[2023-04-25 15:38:31:25782][http-nio-8088-exec-5] DEBUG o.s.w.s.h.SimpleUrlHandlerMapping - Mapped to ResourceHttpRequestHandler [classpath [META-INF/resources/], classpath [resources/], classpath [static/], classpath [public/], ServletContext [/]]
[2023-04-25 15:38:31:25782][http-nio-8088-exec-4] DEBUG o.s.w.s.h.SimpleUrlHandlerMapping - Mapped to ResourceHttpRequestHandler [classpath [META-INF/resources/], classpath [resources/], classpath [static/], classpath [public/], ServletContext [/]]
[2023-04-25 15:38:31:25782][http-nio-8088-exec-7] DEBUG o.s.web.servlet.DispatcherServlet - Completed 200 OK
[2023-04-25 15:38:31:25783][http-nio-8088-exec-5] DEBUG o.s.web.servlet.DispatcherServlet - Completed 200 OK
[2023-04-25 15:38:31:25784][http-nio-8088-exec-4] DEBUG o.s.web.servlet.DispatcherServlet - Completed 200 OK
[2023-04-25 15:38:31:25784][http-nio-8088-exec-8] DEBUG o.s.web.servlet.DispatcherServlet - Completed 200 OK
[2023-04-25 15:38:31:25784][http-nio-8088-exec-9] DEBUG o.s.web.servlet.DispatcherServlet - Completed 200 OK
[2023-04-25 15:38:31:25785][http-nio-8088-exec-6] DEBUG o.s.web.servlet.DispatcherServlet - GET "/vendor/chart.js/Chart.min.js", parameters={}
[2023-04-25 15:38:31:25786][http-nio-8088-exec-10] DEBUG o.s.web.servlet.DispatcherServlet - Completed 200 OK
[2023-04-25 15:38:31:25786][http-nio-8088-exec-6] DEBUG o.s.w.s.h.SimpleUrlHandlerMapping - Mapped to ResourceHttpRequestHandler [classpath [META-INF/resources/], classpath [resources/], classpath [static/], classpath [public/], ServletContext [/]]
[2023-04-25 15:38:31:25786][http-nio-8088-exec-2] DEBUG o.s.web.servlet.DispatcherServlet - GET "/js/demo/chart-pie-demo.js", parameters={}
[2023-04-25 15:38:31:25786][http-nio-8088-exec-3] DEBUG o.s.web.servlet.DispatcherServlet - GET "/js/demo/chart-area-demo.js", parameters={}
[2023-04-25 15:38:31:25786][http-nio-8088-exec-2] DEBUG o.s.w.s.h.SimpleUrlHandlerMapping - Mapped to ResourceHttpRequestHandler [classpath [META-INF/resources/], classpath [resources/], classpath [static/], classpath [public/], ServletContext [/]]
[2023-04-25 15:38:31:25787][http-nio-8088-exec-3] DEBUG o.s.w.s.h.SimpleUrlHandlerMapping - Mapped to ResourceHttpRequestHandler [classpath [META-INF/resources/], classpath [resources/], classpath [static/], classpath [public/], ServletContext [/]]
[2023-04-25 15:38:31:25788][http-nio-8088-exec-2] DEBUG o.s.web.servlet.DispatcherServlet - Completed 200 OK
[2023-04-25 15:38:31:25788][http-nio-8088-exec-3] DEBUG o.s.web.servlet.DispatcherServlet - Completed 200 OK
[2023-04-25 15:38:31:25789][http-nio-8088-exec-6] DEBUG o.s.web.servlet.DispatcherServlet - Completed 200 OK
[2023-04-25 15:38:31:26012][http-nio-8088-exec-1] DEBUG o.s.web.servlet.DispatcherServlet - GET "/vendor/fontawesome-free/webfonts/fa-solid-900.woff2", parameters={}
[2023-04-25 15:38:31:26013][http-nio-8088-exec-1] DEBUG o.s.w.s.h.SimpleUrlHandlerMapping - Mapped to ResourceHttpRequestHandler [classpath [META-INF/resources/], classpath [resources/], classpath [static/], classpath [public/], ServletContext [/]]
[2023-04-25 15:38:31:26018][http-nio-8088-exec-1] DEBUG o.s.web.servlet.DispatcherServlet - Completed 200 OK
[2023-04-25 15:38:31:26426][http-nio-8088-exec-7] DEBUG o.s.web.servlet.DispatcherServlet - GET "/favicon.ico", parameters={}
[2023-04-25 15:38:31:26427][http-nio-8088-exec-7] DEBUG o.s.w.s.h.SimpleUrlHandlerMapping - Mapped to ResourceHttpRequestHandler [classpath [META-INF/resources/], classpath [resources/], classpath [static/], classpath [public/], ServletContext [/]]
[2023-04-25 15:38:31:26430][http-nio-8088-exec-7] DEBUG o.s.w.s.r.ResourceHttpRequestHandler - Resource not found
[2023-04-25 15:38:31:26430][http-nio-8088-exec-7] DEBUG o.s.web.servlet.DispatcherServlet - Completed 404 NOT_FOUND
[2023-04-25 15:38:31:26431][http-nio-8088-exec-7] DEBUG o.s.web.servlet.DispatcherServlet - "ERROR" dispatch for GET "/error", parameters={}
[2023-04-25 15:38:31:26433][http-nio-8088-exec-7] DEBUG o.s.w.s.m.m.a.RequestMappingHandlerMapping - Mapped to org.springframework.boot.autoconfigure.web.servlet.error.BasicErrorController#error(HttpServletRequest)
[2023-04-25 15:38:31:26452][http-nio-8088-exec-7] DEBUG o.s.w.s.m.m.a.HttpEntityMethodProcessor - Using 'application/json;q=0.8', given [image/avif, image/webp, image/apng, image/svg+xml, image/*, */*;q=0.8] and supported [application/json, application/*+json, application/json, application/*+json]
[2023-04-25 15:38:31:26453][http-nio-8088-exec-7] DEBUG o.s.w.s.m.m.a.HttpEntityMethodProcessor - Writing [{timestamp=Tue Apr 25 15:38:31 KST 2023, status=404, error=Not Found, message=No message available,  (truncated)...]
[2023-04-25 15:38:31:26491][http-nio-8088-exec-7] DEBUG o.s.web.servlet.DispatcherServlet - Exiting from "ERROR" dispatch, status 404
